   -0.1917    0.4655   -0.5369
   -0.1937    0.4425   -0.4437
   -0.1858    0.4256   -0.4385
   -0.1956    0.4162   -0.4258
   -0.2130    0.4692   -0.4730
   -0.1917    0.4673   -0.5156
   -0.1991    0.4375   -0.4431
   -0.1979    0.4323   -0.4277
   -0.1904    0.4589   -0.5137
   -0.1987    0.4218   -0.4125
   -0.2048    0.4443   -0.4519
   -0.1912    0.4528   -0.4813
   -0.1922    0.4405   -0.4565
   -0.1831    0.4377   -0.4989
   -0.1974    0.4164   -0.4428
   -0.1868    0.4553   -0.4985
   -0.1984    0.4530   -0.4508
   -0.1985    0.4541   -0.4861
   -0.2064    0.4487   -0.4497
   -0.1883    0.4528   -0.5138
   -0.1861    0.4506   -0.5050
   -0.1964    0.4521   -0.4720
   -0.1916    0.4537   -0.4962
   -0.2005    0.4739   -0.5323
   -0.1979    0.4323   -0.4277
   -0.1903    0.4546   -0.4931
   -0.1890    0.4101   -0.4720
   -0.1965    0.4602   -0.4759
   -0.1924    0.4324   -0.4193
   -0.2044    0.4516   -0.4687
   -0.1950    0.4701   -0.5127
   -0.1945    0.4314   -0.4032
   -0.2121    0.4632   -0.4673
   -0.1922    0.4416   -0.4470
   -0.2060    0.4679   -0.4547
   -0.2135    0.4731   -0.4799
   -0.1916    0.4692   -0.5368
   -0.1908    0.4497   -0.4861
   -0.2079    0.4677   -0.4738
   -0.1928    0.4386   -0.4566
   -0.1978    0.4733   -0.5353
   -0.1942    0.4548   -0.4720
   -0.1952    0.4624   -0.5151
   -0.2039    0.4519   -0.4515
   -0.1890    0.4101   -0.4720
   -0.1912    0.4528   -0.4813
     1     1     1
   -0.1878    0.4520   -0.5218
   -0.1843    0.4170   -0.4113
   -0.1969    0.4650   -0.5175
   -0.2005    0.4485   -0.4641
   -0.1869    0.4487   -0.5052
   -0.1875    0.4339   -0.4726
   -0.1973    0.4739   -0.5476
   -0.1959    0.4618   -0.4999
   -0.2026    0.4446   -0.4189
   -0.2041    0.4411   -0.4209
   -0.1911    0.4378   -0.4433
   -0.1992    0.4755   -0.5292
   -0.2020    0.4526   -0.4648
   -0.1880    0.4196   -0.4353
   -0.1932    0.4762   -0.5373
   -0.2015    0.4737   -0.5152
   -0.1912    0.4333   -0.4981
   -0.1967    0.4570   -0.4704
   -0.2042    0.4644   -0.5174
   -0.2074    0.4412   -0.4519
   -0.1852    0.4288   -0.4303
   -0.1831    0.4281   -0.4404
   -0.1895    0.4518   -0.4800
   -0.1889    0.4431   -0.4322
   -0.2050    0.4737   -0.4959
   -0.1958    0.4619   -0.5250
   -0.1884    0.4465   -0.4645
   -0.1972    0.4027   -0.4141
   -0.1966    0.4416   -0.4800
   -0.1972    0.4632   -0.5171
   -0.2089    0.4593   -0.4732
   -0.1894    0.4365   -0.4300
   -0.1852    0.4157   -0.4025
     1     1     1
   -0.2037    0.4396   -0.4214
   -0.1999    0.4385   -0.4403
   -0.1968    0.4350   -0.4544
   -0.2047    0.4470   -0.4376
   -0.1846    0.4319   -0.4414
   -0.1955    0.4643   -0.4971
   -0.1841    0.4045   -0.4360
   -0.1939    0.4550   -0.4898
   -0.1900    0.4344   -0.4208
   -0.1934    0.4582   -0.5066
   -0.1903    0.4443   -0.4405
   -0.2047    0.4760   -0.4702
   -0.2045    0.4710   -0.4855
   -0.1940    0.4344   -0.4579
   -0.1831    0.4377   -0.4989
   -0.1905    0.4576   -0.5113
   -0.1959    0.4618   -0.4999
   -0.1880    0.4404   -0.4983
   -0.2041    0.4411   -0.4209
   -0.1956    0.4814   -0.5571
   -0.2046    0.4484   -0.4599
   -0.1986    0.4494   -0.4990
   -0.1911    0.3996   -0.4209
   -0.2068    0.4553   -0.4721
   -0.1892    0.3821   -0.3923
   -0.1899    0.4618   -0.5338
   -0.1930    0.4308   -0.4086
   -0.2121    0.4632   -0.4673
   -0.1994    0.4641   -0.5102
   -0.1866    0.3736   -0.3891
   -0.2050    0.4299   -0.4080
   -0.1901    0.4465   -0.4971
   -0.1997    0.4633   -0.4642
   -0.2033    0.4623   -0.4820
   -8.1649    2.4982   -0.5709
   -0.1875    0.4089   -0.3846
   -0.1960    0.4584   -0.5005
   -0.1908    0.4055   -0.4163
   -0.2029    0.4400   -0.4442
   -0.1894    0.4058   -0.4433
   -0.1814    0.4486   -0.5213
   -0.1982    0.4518   -0.4777
   -0.1984    0.4478   -0.4749
   -0.1858    0.4256   -0.4385
   -0.1991    0.4545   -0.4592
   -0.1907    0.4305   -0.4446
   -0.1962    0.4385   -0.4354
   -0.1973    0.4338   -0.4154
   -0.2010    0.4639   -0.4377
   -0.2032    0.4552   -0.4498
   -0.1897    0.4539   -0.4972
   -0.1822    0.4354   -0.4663
   -0.1917    0.4510   -0.4730
   -0.1878    0.4675   -0.5448
   -0.1778    0.3494   -0.2777
   -0.1884    0.4465   -0.4645
   -0.1928    0.4568   -0.5037
   -0.1924    0.4730   -0.5435
   -0.1944    0.4724   -0.5431
   -0.2140    0.4734   -0.4671
   -0.1903    0.4246   -0.3996
   -0.1846    0.3978   -0.3892
   -0.1921    0.4329   -0.4425
   -0.1950    0.4307   -0.4135
   -0.1922    0.4320   -0.4070
   -0.1892    0.4618   -0.5371
   -0.1966    0.4416   -0.4800
   -0.1827    0.4396   -0.5076
   -0.1921    0.4317   -0.4525
   -0.1971    0.4557   -0.4870
   -0.2049    0.4496   -0.4457
   -0.1960    0.4548   -0.4465
   -0.1972    0.4544   -0.4672
   -0.1926    0.4295   -0.4052
   -0.1852    0.4157   -0.4025
   -0.1882    0.4644   -0.5247
   -0.1816    0.4127   -0.4501
     1     1     1
   -0.1992    0.4488   -0.4654
   -0.1937    0.4302   -0.4146
   -0.1984    0.4575   -0.4659
   -0.1880    0.4244   -0.4520
   -0.1841    0.4537   -0.5179
   -0.1992    0.4351   -0.4235
   -0.2006    0.4458   -0.4453
   -0.2029    0.4639   -0.4565
   -0.2109    0.4906   -0.5432
   -0.1862    0.4355   -0.4831
   -0.1901    0.4290   -0.4100
   -0.1992    0.4284   -0.4518
   -0.1878    0.4520   -0.5218
   -0.1886    0.4555   -0.5184
   -0.1894    0.4635   -0.5401
   -0.1753    0.3909   -0.3915
   -0.1856    0.4119   -0.4414
   -0.1908    0.4435   -0.4772
   -0.1759    0.3768   -0.3892
   -0.2009    0.4472   -0.4961
   -0.2036    0.4780   -0.5091
   -0.1935    0.4267   -0.4062
   -0.1831    0.4377   -0.4989
   -0.1927    0.4629   -0.5008
   -0.1757    0.3711   -0.3564
   -0.1882    0.4443   -0.4849
   -0.1875    0.4339   -0.4726
   -0.1973    0.4739   -0.5476
   -0.1938    0.4382   -0.4220
   -0.2069    0.4551   -0.4762
   -0.2044    0.4584   -0.4776
   -0.1908    0.4110   -0.4148
   -0.1896    0.4217   -0.3962
   -0.1974    0.4748   -0.5389
   -0.1971    0.4540   -0.4552
   -0.1975    0.4569   -0.4911
   -0.2097    0.4591   -0.4982
   -0.1883    0.4232   -0.4078
   -0.2121    0.4562   -0.4617
   -0.1863    0.3660   -0.3707
   -0.1955    0.4532   -0.4429
