JEGA Genetic Algorithm Optimization Software v2.6.0
JEGA Genetic Algorithm Optimization Software v2.6.0
JEGA Genetic Algorithm Optimization Software v2.6.0
JEGA Genetic Algorithm Optimization Software v2.6.0
Run started Mon Aug  1 11:12:05 2011

Run started Mon Aug  1 11:12:05 2011

Run started Mon Aug  1 11:12:05 2011

Global Log initialized using "silent" as default level.
Global Log initialized using "silent" as default level.
Global Log initialized using "silent" as default level.
Global Log logging to file JEGAGlobal.log
Global Log logging to file JEGAGlobal.log
Global Log logging to console window
Global Log logging to console window
Global Log logging to file JEGAGlobal.log
Global Log logging to console window
Run started Mon Aug  1 11:12:05 2011

Global Log initialized using "silent" as default level.
Global Log logging to file JEGAGlobal.log
Global Log logging to console window
JEGA Genetic Algorithm Optimization Software v2.6.0
JEGA Genetic Algorithm Optimization Software v2.6.0
JEGA Genetic Algorithm Optimization Software v2.6.0
Run started Mon Aug  1 11:12:05 2011

Global Log initialized using "silent" as default level.
JEGA Genetic Algorithm Optimization Software v2.6.0
JEGA Genetic Algorithm Optimization Software v2.6.0
JEGA Genetic Algorithm Optimization Software v2.6.0
JEGA Genetic Algorithm Optimization Software v2.6.0
Global Log logging to file JEGAGlobal.log
Run started Mon Aug  1 11:12:05 2011

Run started Mon Aug  1 11:12:05 2011

Run started Mon Aug  1 11:12:05 2011

Global Log logging to console window
Run started Mon Aug  1 11:12:05 2011

Global Log initialized using "silent" as default level.
Run started Mon Aug  1 11:12:05 2011

Global Log logging to file JEGAGlobal.log
Global Log initialized using "silent" as default level.
Global Log logging to console window
Global Log logging to file JEGAGlobal.log
Global Log logging to console window
JEGA Genetic Algorithm Optimization Software v2.6.0
Global Log initialized using "silent" as default level.
Run started Mon Aug  1 11:12:05 2011

Global Log initialized using "silent" as default level.
Global Log initialized using "silent" as default level.
Global Log logging to file JEGAGlobal.log
Global Log logging to file JEGAGlobal.log
Global Log logging to console window
Global Log logging to console window
Global Log initialized using "silent" as default level.
Global Log logging to file JEGAGlobal.log
Global Log logging to file JEGAGlobal.log
Global Log logging to console window
Global Log logging to console window
Run started Mon Aug  1 11:12:05 2011

Global Log initialized using "silent" as default level.
JEGA Genetic Algorithm Optimization Software v2.6.0
JEGA Genetic Algorithm Optimization Software v2.6.0
JEGA Genetic Algorithm Optimization Software v2.6.0
JEGA Genetic Algorithm Optimization Software v2.6.0
Global Log logging to file JEGAGlobal.log
JEGA Genetic Algorithm Optimization Software v2.6.0
Run started Mon Aug  1 11:12:05 2011

Global Log logging to console window
JEGA Genetic Algorithm Optimization Software v2.6.0
Run started Mon Aug  1 11:12:05 2011

JEGA Genetic Algorithm Optimization Software v2.6.0
Global Log initialized using "silent" as default level.
JEGA Genetic Algorithm Optimization Software v2.6.0
Run started Mon Aug  1 11:12:05 2011

Global Log initialized using "silent" as default level.
JEGA Genetic Algorithm Optimization Software v2.6.0
Run started Mon Aug  1 11:12:05 2011

JEGA Genetic Algorithm Optimization Software v2.6.0
Run started Mon Aug  1 11:12:05 2011

Global Log logging to file JEGAGlobal.log
Global Log initialized using "silent" as default level.
JEGA Genetic Algorithm Optimization Software v2.6.0
Global Log initialized using "silent" as default level.
Global Log logging to console window
Global Log logging to file JEGAGlobal.log
JEGA Genetic Algorithm Optimization Software v2.6.0
Global Log initialized using "silent" as default level.
Global Log logging to file JEGAGlobal.log
Global Log logging to console window
JEGA Genetic Algorithm Optimization Software v2.6.0
Run started Mon Aug  1 11:12:05 2011

JEGA Genetic Algorithm Optimization Software v2.6.0
Global Log initialized using "silent" as default level.
Run started Mon Aug  1 11:12:05 2011

JEGA Genetic Algorithm Optimization Software v2.6.0
Global Log logging to file JEGAGlobal.log
Run started Mon Aug  1 11:12:05 2011

JEGA Genetic Algorithm Optimization Software v2.6.0
Run started Mon Aug  1 11:12:05 2011

JEGA Genetic Algorithm Optimization Software v2.6.0
Run started Mon Aug  1 11:12:05 2011

Global Log logging to file JEGAGlobal.log
Global Log logging to console window
Run started Mon Aug  1 11:12:05 2011

Run started Mon Aug  1 11:12:05 2011

Global Log initialized using "silent" as default level.
Run started Mon Aug  1 11:12:05 2011

Global Log logging to console window
Global Log initialized using "silent" as default level.
Run started Mon Aug  1 11:12:05 2011

Global Log logging to file JEGAGlobal.log
Global Log initialized using "silent" as default level.
Global Log logging to console window
Run started Mon Aug  1 11:12:05 2011

Global Log initialized using "silent" as default level.
Global Log logging to console window
Global Log initialized using "silent" as default level.
Run started Mon Aug  1 11:12:05 2011

Global Log initialized using "silent" as default level.
Global Log logging to file JEGAGlobal.log
Run started Mon Aug  1 11:12:05 2011

JEGA Genetic Algorithm Optimization Software v2.6.0
Global Log initialized using "silent" as default level.
Global Log initialized using "silent" as default level.
Global Log logging to file JEGAGlobal.log
Global Log initialized using "silent" as default level.
Global Log logging to file JEGAGlobal.log
Global Log logging to file JEGAGlobal.log
Global Log logging to console window
Global Log logging to file JEGAGlobal.log
Global Log logging to console window
Global Log logging to file JEGAGlobal.log
Global Log logging to file JEGAGlobal.log
Global Log logging to console window
Run started Mon Aug  1 11:12:06 2011

Global Log logging to file JEGAGlobal.log
Global Log logging to console window
Global Log logging to console window
Global Log logging to console window
JEGA Genetic Algorithm Optimization Software v2.6.0
Global Log initialized using "silent" as default level.
Global Log logging to file JEGAGlobal.log
Global Log logging to console window
Global Log logging to console window
Global Log initialized using "silent" as default level.
JEGA Genetic Algorithm Optimization Software v2.6.0
Global Log initialized using "silent" as default level.
Global Log logging to file JEGAGlobal.log
Global Log logging to console window
Global Log logging to file JEGAGlobal.log
Run started Mon Aug  1 11:12:06 2011

Global Log logging to file JEGAGlobal.log
Global Log logging to console window
Global Log initialized using "silent" as default level.
Global Log logging to console window
JEGA Genetic Algorithm Optimization Software v2.6.0
Global Log logging to console window
Global Log logging to file JEGAGlobal.log
JEGA Genetic Algorithm Optimization Software v2.6.0
JEGA Genetic Algorithm Optimization Software v2.6.0
JEGA Genetic Algorithm Optimization Software v2.6.0
JEGA Genetic Algorithm Optimization Software v2.6.0
Global Log logging to console window
Run started Mon Aug  1 11:12:06 2011

JEGA Genetic Algorithm Optimization Software v2.6.0
Run started Mon Aug  1 11:12:06 2011

JEGA Genetic Algorithm Optimization Software v2.6.0
Run started Mon Aug  1 11:12:06 2011

Run started Mon Aug  1 11:12:06 2011

Global Log initialized using "silent" as default level.
Run started Mon Aug  1 11:12:06 2011

Global Log initialized using "silent" as default level.
Global Log logging to file JEGAGlobal.log
Global Log initialized using "silent" as default level.
Global Log initialized using "silent" as default level.
Global Log logging to console window
Global Log logging to file JEGAGlobal.log
Global Log initialized using "silent" as default level.
JEGA Genetic Algorithm Optimization Software v2.6.0
Global Log logging to console window
Global Log logging to file JEGAGlobal.log
Run started Mon Aug  1 11:12:06 2011

Global Log logging to file JEGAGlobal.log
Run started Mon Aug  1 11:12:06 2011

Run started Mon Aug  1 11:12:06 2011

Global Log logging to console window
Global Log initialized using "silent" as default level.
Global Log logging to console window
Global Log logging to file JEGAGlobal.log
Global Log logging to file JEGAGlobal.log
Global Log logging to console window
Global Log initialized using "silent" as default level.
Global Log initialized using "silent" as default level.
Global Log logging to file JEGAGlobal.log
Global Log logging to file JEGAGlobal.log
Global Log logging to console window
Global Log logging to console window
Global Log logging to console window
Run started Mon Aug  1 11:12:06 2011

Global Log initialized using "silent" as default level.
Global Log logging to file JEGAGlobal.log
Global Log logging to console window
12:46:13: fatal- duplicate_free: The population size has fallen below the minimum allowable value of 2.
Received a fatal logging callback.  Aborting.
12:46:51: fatal- duplicate_free: The population size has fallen below the minimum allowable value of 2.
Received a fatal logging callback.  Aborting.
12:47:14: fatal- duplicate_free: The population size has fallen below the minimum allowable value of 2.
Received a fatal logging callback.  Aborting.
12:47:18: fatal- duplicate_free: The population size has fallen below the minimum allowable value of 2.
Received a fatal logging callback.  Aborting.
12:47:22: fatal- duplicate_free: The population size has fallen below the minimum allowable value of 2.
Received a fatal logging callback.  Aborting.
12:47:36: fatal- duplicate_free: The population size has fallen below the minimum allowable value of 2.
Received a fatal logging callback.  Aborting.
12:47:37: fatal- duplicate_free: The population size has fallen below the minimum allowable value of 2.
Received a fatal logging callback.  Aborting.
12:47:46: fatal- duplicate_free: The population size has fallen below the minimum allowable value of 2.
Received a fatal logging callback.  Aborting.
12:47:47: fatal- duplicate_free: The population size has fallen below the minimum allowable value of 2.
Received a fatal logging callback.  Aborting.
12:47:48: fatal- duplicate_free: The population size has fallen below the minimum allowable value of 2.
Received a fatal logging callback.  Aborting.
12:48:04: fatal- duplicate_free: The population size has fallen below the minimum allowable value of 2.
Received a fatal logging callback.  Aborting.
12:48:12: fatal- duplicate_free: The population size has fallen below the minimum allowable value of 2.
Received a fatal logging callback.  Aborting.
12:48:21: fatal- duplicate_free: The population size has fallen below the minimum allowable value of 2.
Received a fatal logging callback.  Aborting.
12:48:22: fatal- duplicate_free: The population size has fallen below the minimum allowable value of 2.
Received a fatal logging callback.  Aborting.
12:48:29: fatal- duplicate_free: The population size has fallen below the minimum allowable value of 2.
Received a fatal logging callback.  Aborting.
12:48:32: fatal- duplicate_free: The population size has fallen below the minimum allowable value of 2.
Received a fatal logging callback.  Aborting.
12:48:34: fatal- duplicate_free: The population size has fallen below the minimum allowable value of 2.
Received a fatal logging callback.  Aborting.
12:48:36: fatal- duplicate_free: The population size has fallen below the minimum allowable value of 2.
Received a fatal logging callback.  Aborting.
12:48:37: fatal- duplicate_free: The population size has fallen below the minimum allowable value of 2.
Received a fatal logging callback.  Aborting.
12:48:37: fatal- duplicate_free: The population size has fallen below the minimum allowable value of 2.
Received a fatal logging callback.  Aborting.
12:48:37: fatal- duplicate_free: The population size has fallen below the minimum allowable value of 2.
Received a fatal logging callback.  Aborting.
12:48:40: fatal- duplicate_free: The population size has fallen below the minimum allowable value of 2.
Received a fatal logging callback.  Aborting.
12:48:47: fatal- duplicate_free: The population size has fallen below the minimum allowable value of 2.
Received a fatal logging callback.  Aborting.
12:48:47: fatal- duplicate_free: The population size has fallen below the minimum allowable value of 2.
Received a fatal logging callback.  Aborting.
12:48:48: fatal- duplicate_free: The population size has fallen below the minimum allowable value of 2.
Received a fatal logging callback.  Aborting.
12:48:50: fatal- duplicate_free: The population size has fallen below the minimum allowable value of 2.
Received a fatal logging callback.  Aborting.
12:48:53: fatal- duplicate_free: The population size has fallen below the minimum allowable value of 2.
Received a fatal logging callback.  Aborting.
12:48:54: fatal- duplicate_free: The population size has fallen below the minimum allowable value of 2.
Received a fatal logging callback.  Aborting.
12:48:54: fatal- duplicate_free: The population size has fallen below the minimum allowable value of 2.
Received a fatal logging callback.  Aborting.
12:48:58: fatal- duplicate_free: The population size has fallen below the minimum allowable value of 2.
Received a fatal logging callback.  Aborting.
12:49:17: fatal- duplicate_free: The population size has fallen below the minimum allowable value of 2.
Received a fatal logging callback.  Aborting.
12:49:19: fatal- duplicate_free: The population size has fallen below the minimum allowable value of 2.
Received a fatal logging callback.  Aborting.
12:49:21: fatal- duplicate_free: The population size has fallen below the minimum allowable value of 2.
Received a fatal logging callback.  Aborting.
12:49:23: fatal- duplicate_free: The population size has fallen below the minimum allowable value of 2.
Received a fatal logging callback.  Aborting.
12:49:24: fatal- duplicate_free: The population size has fallen below the minimum allowable value of 2.
Received a fatal logging callback.  Aborting.
12:49:26: fatal- duplicate_free: The population size has fallen below the minimum allowable value of 2.
Received a fatal logging callback.  Aborting.
12:49:31: fatal- duplicate_free: The population size has fallen below the minimum allowable value of 2.
Received a fatal logging callback.  Aborting.
12:49:32: fatal- duplicate_free: The population size has fallen below the minimum allowable value of 2.
Received a fatal logging callback.  Aborting.
12:49:42: fatal- duplicate_free: The population size has fallen below the minimum allowable value of 2.
Received a fatal logging callback.  Aborting.
12:50:11: fatal- duplicate_free: The population size has fallen below the minimum allowable value of 2.
Received a fatal logging callback.  Aborting.
JEGA Genetic Algorithm Optimization Software v2.6.0
JEGA Genetic Algorithm Optimization Software v2.6.0
JEGA Genetic Algorithm Optimization Software v2.6.0
JEGA Genetic Algorithm Optimization Software v2.6.0
Run started Tue Aug  2 12:53:28 2011

Run started Tue Aug  2 12:53:28 2011

Global Log initialized using "silent" as default level.
Global Log initialized using "silent" as default level.
Global Log logging to file JEGAGlobal.log
Global Log logging to file JEGAGlobal.log
Global Log logging to console window
Global Log logging to console window
Run started Tue Aug  2 12:53:28 2011

Run started Tue Aug  2 12:53:28 2011

Global Log initialized using "silent" as default level.
Global Log logging to file JEGAGlobal.log
Global Log logging to console window
Global Log initialized using "silent" as default level.
Global Log logging to file JEGAGlobal.log
Global Log logging to console window
JEGA Genetic Algorithm Optimization Software v2.6.0
JEGA Genetic Algorithm Optimization Software v2.6.0
JEGA Genetic Algorithm Optimization Software v2.6.0
Run started Tue Aug  2 12:53:29 2011

Run started Tue Aug  2 12:53:29 2011

JEGA Genetic Algorithm Optimization Software v2.6.0
JEGA Genetic Algorithm Optimization Software v2.6.0
JEGA Genetic Algorithm Optimization Software v2.6.0
Global Log initialized using "silent" as default level.
Run started Tue Aug  2 12:53:29 2011

Run started Tue Aug  2 12:53:29 2011

Run started Tue Aug  2 12:53:29 2011

Global Log initialized using "silent" as default level.
Global Log initialized using "silent" as default level.
JEGA Genetic Algorithm Optimization Software v2.6.0
Global Log initialized using "silent" as default level.
JEGA Genetic Algorithm Optimization Software v2.6.0
Global Log logging to file JEGAGlobal.log
Global Log logging to file JEGAGlobal.log
JEGA Genetic Algorithm Optimization Software v2.6.0
Run started Tue Aug  2 12:53:29 2011

Global Log logging to file JEGAGlobal.log
JEGA Genetic Algorithm Optimization Software v2.6.0
Global Log logging to console window
Global Log logging to console window
Run started Tue Aug  2 12:53:29 2011

Run started Tue Aug  2 12:53:29 2011

JEGA Genetic Algorithm Optimization Software v2.6.0
Global Log initialized using "silent" as default level.
Global Log initialized using "silent" as default level.
Global Log initialized using "silent" as default level.
Run started Tue Aug  2 12:53:29 2011

Global Log logging to console window
Global Log initialized using "silent" as default level.
Global Log logging to file JEGAGlobal.log
Global Log logging to file JEGAGlobal.log
Global Log logging to file JEGAGlobal.log
Global Log logging to console window
Global Log initialized using "silent" as default level.
Global Log logging to console window
Global Log logging to file JEGAGlobal.log
Global Log logging to console window
Global Log logging to file JEGAGlobal.log
Global Log logging to console window
Global Log logging to file JEGAGlobal.log
Global Log logging to console window
Run started Tue Aug  2 12:53:29 2011

Run started Tue Aug  2 12:53:29 2011

JEGA Genetic Algorithm Optimization Software v2.6.0
Global Log logging to console window
Global Log initialized using "silent" as default level.
Run started Tue Aug  2 12:53:29 2011

Global Log logging to file JEGAGlobal.log
Global Log initialized using "silent" as default level.
Global Log logging to console window
Global Log logging to file JEGAGlobal.log
Global Log initialized using "silent" as default level.
Global Log logging to console window
Global Log logging to file JEGAGlobal.log
Global Log logging to console window
JEGA Genetic Algorithm Optimization Software v2.6.0
JEGA Genetic Algorithm Optimization Software v2.6.0
JEGA Genetic Algorithm Optimization Software v2.6.0
JEGA Genetic Algorithm Optimization Software v2.6.0
JEGA Genetic Algorithm Optimization Software v2.6.0
JEGA Genetic Algorithm Optimization Software v2.6.0
Run started Tue Aug  2 12:53:29 2011

Run started Tue Aug  2 12:53:29 2011

Run started Tue Aug  2 12:53:29 2011

JEGA Genetic Algorithm Optimization Software v2.6.0
Global Log initialized using "silent" as default level.
Run started Tue Aug  2 12:53:29 2011

Run started Tue Aug  2 12:53:29 2011

JEGA Genetic Algorithm Optimization Software v2.6.0
JEGA Genetic Algorithm Optimization Software v2.6.0
Run started Tue Aug  2 12:53:29 2011

Run started Tue Aug  2 12:53:29 2011

Global Log initialized using "silent" as default level.
Global Log initialized using "silent" as default level.
Global Log initialized using "silent" as default level.
Run started Tue Aug  2 12:53:29 2011

Global Log initialized using "silent" as default level.
JEGA Genetic Algorithm Optimization Software v2.6.0
Global Log initialized using "silent" as default level.
Global Log initialized using "silent" as default level.
Global Log logging to file JEGAGlobal.log
Global Log logging to file JEGAGlobal.log
Global Log logging to file JEGAGlobal.log
Run started Tue Aug  2 12:53:29 2011

Global Log logging to file JEGAGlobal.log
Global Log logging to console window
Global Log logging to file JEGAGlobal.log
Global Log initialized using "silent" as default level.
Global Log logging to console window
Global Log logging to file JEGAGlobal.log
Global Log logging to console window
Global Log logging to console window
Global Log initialized using "silent" as default level.
Global Log logging to console window
Global Log logging to file JEGAGlobal.log
Global Log logging to console window
Run started Tue Aug  2 12:53:29 2011

Global Log logging to file JEGAGlobal.log
Global Log logging to console window
JEGA Genetic Algorithm Optimization Software v2.6.0
Global Log initialized using "silent" as default level.
Global Log logging to console window
Global Log logging to file JEGAGlobal.log
Run started Tue Aug  2 12:53:29 2011

Global Log logging to console window
JEGA Genetic Algorithm Optimization Software v2.6.0
Global Log logging to file JEGAGlobal.log
Global Log initialized using "silent" as default level.
Global Log logging to file JEGAGlobal.log
JEGA Genetic Algorithm Optimization Software v2.6.0
JEGA Genetic Algorithm Optimization Software v2.6.0
Global Log logging to console window
JEGA Genetic Algorithm Optimization Software v2.6.0
JEGA Genetic Algorithm Optimization Software v2.6.0
Global Log logging to console window
JEGA Genetic Algorithm Optimization Software v2.6.0
JEGA Genetic Algorithm Optimization Software v2.6.0
Run started Tue Aug  2 12:53:29 2011

Run started Tue Aug  2 12:53:29 2011

JEGA Genetic Algorithm Optimization Software v2.6.0
Run started Tue Aug  2 12:53:29 2011

Run started Tue Aug  2 12:53:29 2011

Global Log initialized using "silent" as default level.
Run started Tue Aug  2 12:53:29 2011

Global Log initialized using "silent" as default level.
Global Log initialized using "silent" as default level.
Global Log logging to file JEGAGlobal.log
Global Log initialized using "silent" as default level.
Global Log logging to file JEGAGlobal.log
Global Log initialized using "silent" as default level.
Global Log logging to console window
Run started Tue Aug  2 12:53:29 2011

Global Log logging to console window
Global Log logging to file JEGAGlobal.log
Global Log logging to file JEGAGlobal.log
Run started Tue Aug  2 12:53:29 2011

Global Log logging to file JEGAGlobal.log
Global Log initialized using "silent" as default level.
Run started Tue Aug  2 12:53:29 2011

Global Log logging to console window
Global Log logging to console window
Global Log initialized using "silent" as default level.
Global Log logging to console window
Global Log logging to file JEGAGlobal.log
Global Log initialized using "silent" as default level.
JEGA Genetic Algorithm Optimization Software v2.6.0
Global Log logging to console window
Global Log logging to file JEGAGlobal.log
JEGA Genetic Algorithm Optimization Software v2.6.0
JEGA Genetic Algorithm Optimization Software v2.6.0
Global Log logging to file JEGAGlobal.log
Run started Tue Aug  2 12:53:29 2011

Run started Tue Aug  2 12:53:29 2011

Global Log logging to console window
Run started Tue Aug  2 12:53:29 2011

Global Log initialized using "silent" as default level.
Global Log logging to console window
Global Log initialized using "silent" as default level.
Global Log logging to file JEGAGlobal.log
JEGA Genetic Algorithm Optimization Software v2.6.0
Global Log initialized using "silent" as default level.
Global Log logging to console window
Run started Tue Aug  2 12:53:29 2011

Global Log logging to file JEGAGlobal.log
JEGA Genetic Algorithm Optimization Software v2.6.0
Global Log initialized using "silent" as default level.
Global Log logging to file JEGAGlobal.log
Run started Tue Aug  2 12:53:29 2011

Global Log logging to file JEGAGlobal.log
Global Log logging to console window
Global Log initialized using "silent" as default level.
Global Log logging to console window
Global Log logging to console window
Global Log logging to file JEGAGlobal.log
Global Log logging to console window
