JEGA Genetic Algorithm Optimization Software v2.6.0
JEGA Genetic Algorithm Optimization Software v2.6.0
JEGA Genetic Algorithm Optimization Software v2.6.0
JEGA Genetic Algorithm Optimization Software v2.6.0
Run started Sun Jul 31 22:38:34 2011

Run started Sun Jul 31 22:38:34 2011

Global Log initialized using "silent" as default level.
Global Log initialized using "silent" as default level.
Global Log logging to file JEGAGlobal.log
Global Log logging to file JEGAGlobal.log
Global Log logging to console window
Global Log logging to console window
Run started Sun Jul 31 22:38:34 2011

Run started Sun Jul 31 22:38:34 2011

Global Log initialized using "silent" as default level.
Global Log initialized using "silent" as default level.
Global Log logging to file JEGAGlobal.log
Global Log logging to console window
Global Log logging to file JEGAGlobal.log
Global Log logging to console window
JEGA Genetic Algorithm Optimization Software v2.6.0
JEGA Genetic Algorithm Optimization Software v2.6.0
JEGA Genetic Algorithm Optimization Software v2.6.0
Run started Sun Jul 31 22:38:34 2011

JEGA Genetic Algorithm Optimization Software v2.6.0
Run started Sun Jul 31 22:38:34 2011

Global Log initialized using "silent" as default level.
Run started Sun Jul 31 22:38:34 2011

JEGA Genetic Algorithm Optimization Software v2.6.0
JEGA Genetic Algorithm Optimization Software v2.6.0
JEGA Genetic Algorithm Optimization Software v2.6.0
JEGA Genetic Algorithm Optimization Software v2.6.0
JEGA Genetic Algorithm Optimization Software v2.6.0
Global Log logging to file JEGAGlobal.log
JEGA Genetic Algorithm Optimization Software v2.6.0
JEGA Genetic Algorithm Optimization Software v2.6.0
Global Log logging to console window
JEGA Genetic Algorithm Optimization Software v2.6.0
Run started Sun Jul 31 22:38:34 2011

Run started Sun Jul 31 22:38:34 2011

Run started Sun Jul 31 22:38:34 2011

Run started Sun Jul 31 22:38:34 2011

Run started Sun Jul 31 22:38:34 2011

Global Log initialized using "silent" as default level.
Global Log initialized using "silent" as default level.
Run started Sun Jul 31 22:38:34 2011

Global Log initialized using "silent" as default level.
Global Log logging to file JEGAGlobal.log
Run started Sun Jul 31 22:38:34 2011

Global Log initialized using "silent" as default level.
JEGA Genetic Algorithm Optimization Software v2.6.0
Global Log initialized using "silent" as default level.
Global Log logging to file JEGAGlobal.log
Global Log logging to console window
Run started Sun Jul 31 22:38:34 2011

Global Log logging to file JEGAGlobal.log
Global Log initialized using "silent" as default level.
Run started Sun Jul 31 22:38:34 2011

Global Log logging to file JEGAGlobal.log
Global Log initialized using "silent" as default level.
Global Log logging to console window
Global Log logging to file JEGAGlobal.log
Global Log logging to file JEGAGlobal.log
Global Log initialized using "silent" as default level.
Global Log logging to console window
JEGA Genetic Algorithm Optimization Software v2.6.0
Global Log logging to file JEGAGlobal.log
Run started Sun Jul 31 22:38:34 2011

Global Log initialized using "silent" as default level.
Global Log logging to console window
Global Log logging to file JEGAGlobal.log
Global Log initialized using "silent" as default level.
Global Log logging to console window
Global Log logging to file JEGAGlobal.log
Global Log initialized using "silent" as default level.
Global Log logging to console window
Global Log logging to console window
Global Log logging to console window
Run started Sun Jul 31 22:38:34 2011

JEGA Genetic Algorithm Optimization Software v2.6.0
Global Log logging to console window
Global Log initialized using "silent" as default level.
Global Log initialized using "silent" as default level.
Global Log logging to file JEGAGlobal.log
Global Log logging to file JEGAGlobal.log
Global Log logging to file JEGAGlobal.log
Global Log logging to console window
Global Log logging to console window
Run started Sun Jul 31 22:38:34 2011

Global Log logging to file JEGAGlobal.log
Global Log initialized using "silent" as default level.
Global Log logging to console window
Global Log logging to file JEGAGlobal.log
Global Log logging to console window
Global Log logging to console window
JEGA Genetic Algorithm Optimization Software v2.6.0
Run started Sun Jul 31 22:38:34 2011

Global Log initialized using "silent" as default level.
Global Log logging to file JEGAGlobal.log
Global Log logging to console window
