   -0.1917    0.4655   -0.5369
   -0.1937    0.4425   -0.4437
   -0.1858    0.4256   -0.4385
   -0.1956    0.4162   -0.4258
   -0.2130    0.4692   -0.4730
   -0.1917    0.4673   -0.5156
   -0.1991    0.4375   -0.4431
   -0.1979    0.4323   -0.4277
   -0.1904    0.4589   -0.5137
   -0.1987    0.4218   -0.4125
   -0.2048    0.4443   -0.4519
   -0.1912    0.4528   -0.4813
   -0.1922    0.4405   -0.4565
   -0.1831    0.4377   -0.4989
   -0.1974    0.4164   -0.4428
   -0.1868    0.4553   -0.4985
   -0.1984    0.4530   -0.4508
   -0.1985    0.4541   -0.4861
   -0.2064    0.4487   -0.4497
   -0.1883    0.4528   -0.5138
   -0.1861    0.4506   -0.5050
   -0.1964    0.4521   -0.4720
   -0.1916    0.4537   -0.4962
   -0.2005    0.4739   -0.5323
   -0.1979    0.4323   -0.4277
   -0.1903    0.4546   -0.4931
   -0.1890    0.4101   -0.4720
   -0.1965    0.4602   -0.4759
   -0.1924    0.4324   -0.4193
   -0.2044    0.4516   -0.4687
   -0.1950    0.4701   -0.5127
   -0.1945    0.4314   -0.4032
   -0.2121    0.4632   -0.4673
   -0.1922    0.4416   -0.4470
   -0.2060    0.4679   -0.4547
   -0.2135    0.4731   -0.4799
   -0.1916    0.4692   -0.5368
   -0.1916    0.4537   -0.4962
   -0.2079    0.4677   -0.4738
   -0.1928    0.4386   -0.4566
   -0.1978    0.4733   -0.5353
   -0.1942    0.4548   -0.4720
   -0.1952    0.4624   -0.5151
   -0.2039    0.4519   -0.4515
   -0.1890    0.4101   -0.4720
   -0.1912    0.4528   -0.4813
     1     1     1
   -0.1878    0.4520   -0.5218
   -0.1843    0.4170   -0.4113
   -0.1969    0.4650   -0.5175
   -0.2005    0.4485   -0.4641
   -0.1869    0.4487   -0.5052
   -0.1875    0.4339   -0.4726
   -0.1973    0.4739   -0.5476
   -0.1959    0.4618   -0.4999
   -0.2026    0.4446   -0.4189
   -0.2041    0.4411   -0.4209
   -0.1911    0.4378   -0.4433
   -0.1913    0.3949   -0.3834
   -0.2095    0.4669   -0.4653
   -0.1979    0.4512   -0.4628
   -0.1854    0.4331   -0.4968
   -0.2057    0.4663   -0.4691
     1     1     1
   -0.1901    0.4446   -0.4620
   -0.1948    0.4675   -0.5092
   -0.2045    0.4532   -0.4676
   -0.1920    0.4662   -0.5332
   -0.1911    0.4013   -0.4437
   -0.1935    0.4609   -0.5121
   -0.2042    0.4401   -0.4346
   -0.2053    0.4840   -0.5543
   -0.1976    0.4291   -0.4126
   -0.1766    0.3880   -0.3793
   -0.1899    0.4587   -0.5093
   -0.1928    0.4386   -0.4566
   -0.1920    0.4596   -0.4934
   -0.1878    0.4535   -0.5035
   -0.2022    0.4750   -0.5215
   -0.1955    0.4483   -0.4898
   -0.2007    0.4454   -0.4527
   -0.1999    0.4286   -0.4672
   -0.1954    0.4684   -0.5053
   -0.1979    0.4323   -0.4277
   -0.1979    0.4323   -0.4277
   -0.1935    0.4740   -0.5433
   -0.2062    0.4512   -0.4606
   -0.1942    0.4466   -0.4515
   -0.1972    0.4820   -0.5310
   -0.1891    0.4628   -0.5255
   -0.1912    0.4528   -0.4813
   -0.1912    0.4528   -0.4813
     1     1     1
   -0.1945    0.4608   -0.4947
   -0.2107    0.4795   -0.4895
   -0.1883    0.4527   -0.4715
   -0.1865    0.4441   -0.4865
   -0.1916    0.4148   -0.4113
   -0.1869    0.4487   -0.5052
   -0.1925    0.4280   -0.4329
   -0.1916    0.3874   -0.3945
   -0.1880    0.4259   -0.4164
   -0.1979    0.4540   -0.4660
   -0.1932    0.4523   -0.4919
   -0.1924    0.4628   -0.5270
   -0.1879    0.4243   -0.4345
     1     1     1
   -0.1923    0.4353   -0.4472
   -0.1853    0.4553   -0.5094
   -0.1964    0.4521   -0.4720
   -0.1861    0.4445   -0.4930
   -0.1868    0.4217   -0.4352
   -0.2095    0.4669   -0.4653
   -0.1917    0.4432   -0.4627
   -0.1932    0.4682   -0.4684
   -0.1922    0.4323   -0.4698
   -0.1961    0.4605   -0.5112
   -0.1956    0.4477   -0.4664
   -0.1922    0.4501   -0.4559
   -0.1960    0.4641   -0.4881
