   -0.1917    0.4655   -0.5369
   -0.1937    0.4425   -0.4437
   -0.1858    0.4256   -0.4385
   -0.1956    0.4162   -0.4258
   -0.2130    0.4692   -0.4730
   -0.1917    0.4673   -0.5156
   -0.1991    0.4375   -0.4431
   -0.1979    0.4323   -0.4277
   -0.1904    0.4589   -0.5137
   -0.1987    0.4218   -0.4125
   -0.2048    0.4443   -0.4519
   -0.1912    0.4528   -0.4813
   -0.1922    0.4405   -0.4565
   -0.1831    0.4377   -0.4989
   -0.1974    0.4164   -0.4428
   -0.1868    0.4553   -0.4985
   -0.1984    0.4530   -0.4508
   -0.1985    0.4541   -0.4861
   -0.2064    0.4487   -0.4497
   -0.1883    0.4528   -0.5138
   -0.1861    0.4506   -0.5050
   -0.1964    0.4521   -0.4720
   -0.1916    0.4537   -0.4962
   -0.2005    0.4739   -0.5323
   -0.1979    0.4323   -0.4277
   -0.1903    0.4546   -0.4931
   -0.1890    0.4101   -0.4720
   -0.1965    0.4602   -0.4759
   -0.1924    0.4324   -0.4193
   -0.2044    0.4516   -0.4687
   -0.1950    0.4701   -0.5127
   -0.1945    0.4314   -0.4032
   -0.2121    0.4632   -0.4673
   -0.1922    0.4416   -0.4470
   -0.2060    0.4679   -0.4547
   -0.2135    0.4731   -0.4799
   -0.1916    0.4692   -0.5368
   -0.1916    0.4537   -0.4962
   -0.2079    0.4677   -0.4738
   -0.1928    0.4386   -0.4566
   -0.1978    0.4733   -0.5353
   -0.1942    0.4548   -0.4720
   -0.1952    0.4624   -0.5151
   -0.2039    0.4519   -0.4515
   -0.1890    0.4101   -0.4720
   -0.1912    0.4528   -0.4813
     1     1     1
   -0.1878    0.4520   -0.5218
   -0.1843    0.4170   -0.4113
   -0.1969    0.4650   -0.5175
   -0.2005    0.4485   -0.4641
   -0.1869    0.4487   -0.5052
   -0.1875    0.4339   -0.4726
   -0.1973    0.4739   -0.5476
   -0.1959    0.4618   -0.4999
   -0.2026    0.4446   -0.4189
   -0.2041    0.4411   -0.4209
   -0.1911    0.4378   -0.4433
   -0.1871    0.4451   -0.4832
   -0.2035    0.4459   -0.4649
   -0.1899    0.4552   -0.5113
   -0.1872    0.4510   -0.4959
   -0.1847    0.4455   -0.5018
   -0.1928    0.4589   -0.5084
   -0.1901    0.4536   -0.4939
   -0.1941    0.4543   -0.4755
   -0.1929    0.4223   -0.3915
   -0.1944    0.4061   -0.4031
   -0.1872    0.4618   -0.5317
   -0.1922    0.4245   -0.4481
   -0.1833    0.4204   -0.4505
   -0.2048    0.4524   -0.4513
   -0.1845    0.3854   -0.3929
   -0.1948    0.4351   -0.4299
   -0.2009    0.4644   -0.4680
   -0.1968    0.4419   -0.4202
   -0.2099    0.4598   -0.4657
   -0.1852    0.4171   -0.4302
   -0.1968    0.4714   -0.5245
   -0.2002    0.4485   -0.4423
   -0.1873    0.4087   -0.4027
     1     1     1
     1     1     1
   -0.1937    0.4466   -0.4875
   -0.2069    0.4492   -0.4643
   -0.1919    0.4432   -0.4526
   -0.1837    0.3934   -0.4006
   -0.1873    0.4399   -0.4612
   -0.1982    0.4721   -0.5153
   -0.1869    0.4566   -0.4852
   -0.2047    0.4470   -0.4376
     1     1     1
   -0.1934    0.4656   -0.5240
   -0.1942    0.4126   -0.4294
   -0.1958    0.4598   -0.4900
   -0.2067    0.4651   -0.4574
   -0.1988    0.4268   -0.4668
   -0.2054    0.4477   -0.4396
   -0.1999    0.4383   -0.4192
   -0.1831    0.4377   -0.4989
   -0.1996    0.4668   -0.4911
   -0.1868    0.4553   -0.4985
   -0.1959    0.4618   -0.4999
   -0.2041    0.4411   -0.4209
   -0.1837    0.4424   -0.5021
   -0.1880    0.4647   -0.5310
   -0.1957    0.4323   -0.4531
   -0.2129    0.4831   -0.5168
   -0.1903    0.4241   -0.4594
   -0.2127    0.4634   -0.4676
   -0.1909    0.4647   -0.5210
   -0.2056    0.4462   -0.4635
   -0.1939    0.4568   -0.4780
   -0.1818    0.4558   -0.5069
   -0.1922    0.4416   -0.4470
   -0.1864    0.4114   -0.4186
   -0.1928    0.4589   -0.5084
   -0.2130    0.4715   -0.4447
   -0.1926    0.4383   -0.4813
   -0.1927    0.4531   -0.4668
   -0.1959    0.4773   -0.5294
   -0.1957    0.4546   -0.5042
   -0.2089    0.4656   -0.4791
   -0.2064    0.4436   -0.4392
   -0.1985    0.4336   -0.4245
   -0.1898    0.4559   -0.4944
   -0.1895    0.4197   -0.4368
   -0.1902    0.4381   -0.4347
   -0.1863    0.4391   -0.4790
   -0.1862    0.4454   -0.4887
   -0.1916    0.4692   -0.5368
     1     1     1
   -0.1757    0.3852   -0.4001
   -0.1916    0.4198   -0.4481
   -0.1873    0.4087   -0.4027
   -0.1853    0.4283   -0.4640
   -0.1877    0.4232   -0.4532
   -0.1975    0.4435   -0.4702
   -0.1922    0.4435   -0.4550
   -0.1895    0.4518   -0.4775
   -0.1860    0.4360   -0.4854
   -0.2024    0.4359   -0.4316
   -0.2054    0.4603   -0.4551
   -0.1978    0.4733   -0.5353
   -0.2025    0.4379   -0.4383
   -0.1886    0.3968   -0.4164
   -0.1948    0.4500   -0.4802
   -0.2016    0.4612   -0.4508
   -0.1681    0.3468   -0.3369
   -0.1938    0.4507   -0.4773
   -0.1887    0.4623   -0.5166
   -0.1870    0.3991   -0.4304
   -0.2019    0.4670   -0.4776
   -0.1804    0.3467   -0.3641
   -0.1995    0.4605   -0.4751
   -0.1983    0.4457   -0.4449
   -0.1917    0.4593   -0.5238
   -0.1866    0.4308   -0.4277
   -0.2048    0.4443   -0.4519
   -0.1952    0.4477   -0.4455
   -0.1912    0.4409   -0.4295
     1     1     1
   -0.2045    0.4495   -0.4471
   -0.2002    0.4595   -0.4461
   -0.1935    0.4497   -0.4657
   -0.1883    0.4565   -0.5048
   -0.1881    0.4544   -0.4909
   -0.1834    0.3980   -0.3692
   -0.1942    0.4126   -0.4294
   -0.1990    0.4692   -0.4978
   -0.1946    0.4314   -0.4000
   -0.1558    0.3468   -0.3564
   -0.2025    0.4483   -0.4400
   -0.2044    0.4516   -0.4688
   -0.1922    0.4405   -0.4565
   -0.1983    0.4496   -0.4657
   -0.1906    0.4006   -0.4202
   -0.1908    0.4737   -0.5514
   -0.1951    0.4292   -0.4044
   -0.1976    0.4665   -0.4938
   -0.1831    0.4377   -0.4989
   -0.1910    0.4193   -0.4667
   -0.1899    0.4381   -0.4598
   -0.2019    0.4576   -0.4830
   -0.1830    0.4211   -0.4236
   -0.1927    0.4499   -0.4704
   -0.1875    0.4339   -0.4726
   -0.1949    0.4626   -0.4988
   -0.1858    0.4130   -0.4022
   -0.1934    0.4335   -0.4184
   -0.1745    0.3671   -0.3631
   -0.1878    0.4308   -0.4177
   -0.1932    0.4382   -0.4765
   -0.1861    0.4062   -0.3786
   -0.1965    0.4762   -0.5310
   -0.1847    0.4383   -0.4693
   -0.1911    0.4562   -0.5055
   -0.2020    0.4362   -0.4758
   -0.1914    0.4199   -0.3978
   -0.1861    0.4332   -0.4631
   -0.2016    0.4348   -0.4410
   -0.1922    0.4508   -0.4945
   -0.2071    0.4381   -0.4453
   -0.1845    0.4277   -0.4657
   -0.1873    0.4184   -0.4278
   -0.2220    0.4900   -0.5019
   -0.1914    0.4655   -0.5000
   -0.1928    0.4783   -0.5416
   -0.1987    0.4333   -0.4097
   -0.1884    0.4415   -0.4601
   -0.1886    0.4113   -0.4191
   -0.1903    0.4439   -0.4772
   -0.1905    0.4472   -0.4902
   -0.2016    0.4658   -0.5229
   -0.1889    0.3759   -0.3625
   -0.1982    0.4471   -0.4379
   -0.1973    0.4359   -0.4157
     1     1     1
   -0.1964    0.4226   -0.4322
   -0.1936    0.4692   -0.5119
   -0.1985    0.4290   -0.4437
   -0.1997    0.4346   -0.4628
   -0.1978    0.4552   -0.4845
   -0.2064    0.4444   -0.4289
   -0.2015    0.4384   -0.4099
   -0.2043    0.4641   -0.4974
   -0.1912    0.4384   -0.4392
   -0.1985    0.4701   -0.4983
   -0.1887    0.4333   -0.4513
   -0.1990    0.4628   -0.4965
   -0.1952    0.4354   -0.4255
   -0.1926    0.4647   -0.5077
   -0.2153    0.4680   -0.4630
   -0.2089    0.4656   -0.4791
   -0.1936    0.4279   -0.4109
   -0.1899    0.4442   -0.4810
   -0.1900    0.3909   -0.3958
   -0.1971    0.4608   -0.5206
   -0.1931    0.4349   -0.4160
   -0.1974    0.4476   -0.4532
   -0.2135    0.4731   -0.4799
   -0.1886    0.4305   -0.4672
   -0.1796    0.3728   -0.3787
   -0.1999    0.4316   -0.4505
   -0.1925    0.4227   -0.3947
   -0.1853    0.4316   -0.4485
   -0.2009    0.4644   -0.4680
   -0.1939    0.4565   -0.4787
   -0.1912    0.4443   -0.4661
   -0.1928    0.4610   -0.5249
   -0.1894    0.4332   -0.4791
   -0.1925    0.4395   -0.4626
   -0.1880    0.4602   -0.5073
   -0.1982    0.4703   -0.5241
   -0.1963    0.4625   -0.5161
   -0.1956    0.4401   -0.4499
   -0.1981    0.4152   -0.4340
   -0.1897    0.4390   -0.4424
   -0.1898    0.4048   -0.4248
   -0.1942    0.4380   -0.4388
   -0.1856    0.4432   -0.5027
   -0.1984    0.4652   -0.4962
   -0.1921    0.4366   -0.4615
   -0.2136    0.4737   -0.4780
   -0.1853    0.4283   -0.4640
   -0.1998    0.4696   -0.5094
   -0.1976    0.4562   -0.4905
   -0.1929    0.3978   -0.3903
   -0.1871    0.4073   -0.4062
   -0.1920    0.4440   -0.4739
   -0.2019    0.4635   -0.4577
   -0.2088    0.4697   -0.4966
   -0.1911    0.4441   -0.4625
   -0.2022    0.4399   -0.4481
   -0.1965    0.4226   -0.4147
   -0.1899    0.4124   -0.4234
   -0.2023    0.4486   -0.4757
   -0.1914    0.4493   -0.4881
   -0.2055    0.4330   -0.4525
   -0.1775    0.4063   -0.4070
     1     1     1
   -0.1978    0.4733   -0.5353
   -0.2025    0.4379   -0.4383
   -0.1987    0.4425   -0.4714
   -0.1940    0.4660   -0.5243
   -0.1996    0.4390   -0.4224
   -0.1896    0.4320   -0.4328
   -0.1829    0.3999   -0.4377
   -0.1910    0.4676   -0.5269
   -0.1892    0.4467   -0.4762
   -0.1949    0.4255   -0.4400
   -0.1878    0.4438   -0.4759
   -0.1897    0.4451   -0.4489
   -0.1893    0.4654   -0.5403
   -0.1901    0.4588   -0.5067
   -0.1803    0.4088   -0.4171
   -0.1955    0.4360   -0.4170
   -0.1959    0.4713   -0.5344
   -0.1923    0.4472   -0.4823
   -0.2025    0.4439   -0.4400
   -0.1968    0.4717   -0.5402
   -0.1902    0.4678   -0.4914
   -0.2008    0.4498   -0.4282
   -0.1837    0.3934   -0.4006
   -0.2015    0.4389   -0.4215
   -0.1991    0.4568   -0.4659
   -0.1952    0.4624   -0.5151
   -0.2007    0.4484   -0.4592
   -0.1923    0.4452   -0.4461
   -0.1997    0.4803   -0.5307
   -0.2051    0.4532   -0.4593
   -0.1957    0.4603   -0.5214
   -0.2106    0.4594   -0.4559
   -0.1934    0.4263   -0.4262
   -0.1909    0.4414   -0.4396
   -0.1920    0.4436   -0.4415
   -0.1930    0.4587   -0.5063
   -0.1903    0.4446   -0.4737
   -0.1833    0.4170   -0.4346
   -0.1997    0.4406   -0.4395
   -0.1972    0.4428   -0.4751
   -0.1886    0.4335   -0.4779
   -0.1942    0.4126   -0.4294
   -0.1801    0.3716   -0.3649
   -0.2044    0.4516   -0.4688
   -0.2044    0.4516   -0.4687
   -0.2029    0.4532   -0.4611
   -0.1957    0.4651   -0.5030
   -0.1933    0.4635   -0.5112
   -0.1818    0.4254   -0.4387
   -0.1900    0.4488   -0.4638
   -0.1934    0.4076   -0.4059
   -0.1887    0.4618   -0.5214
   -0.1842    0.4297   -0.4668
   -0.1879    0.4366   -0.4602
   -0.1928    0.4295   -0.4368
   -0.1938    0.4680   -0.5133
   -0.1939    0.4531   -0.4733
   -0.1928    0.4489   -0.4840
   -0.1976    0.4647   -0.5067
   -0.1910    0.4400   -0.4712
   -0.1979    0.4796   -0.5347
   -0.1922    0.4524   -0.4689
   -0.1968    0.4503   -0.4731
   -0.1861    0.4480   -0.5023
   -0.1902    0.4108   -0.4380
   -0.1898    0.4387   -0.4528
   -0.2010    0.4773   -0.5366
   -0.1981    0.4313   -0.4425
   -0.1910    0.4193   -0.4667
   -0.2031    0.4499   -0.4648
   -0.1928    0.4466   -0.4441
   -0.1992    0.4522   -0.4646
   -0.2045    0.4513   -0.4245
   -0.1920    0.4306   -0.4495
   -0.1931    0.4087   -0.4009
   -0.1779    0.4283   -0.4784
   -0.1939    0.4660   -0.5059
   -0.1968    0.4362   -0.4487
   -0.1866    0.4359   -0.4538
   -0.1989    0.4293   -0.4507
   -0.1974    0.3955   -0.3882
   -0.1932    0.4382   -0.4765
   -0.1867    0.3799   -0.3852
   -0.1784    0.3935   -0.3844
   -0.1852    0.3987   -0.4051
   -0.1984    0.4530   -0.4508
   -0.1937    0.4510   -0.4773
   -0.1927    0.4387   -0.4556
   -0.2023    0.4494   -0.4479
   -0.2025    0.4455   -0.4907
   -0.1871    0.4394   -0.4751
   -0.2071    0.4435   -0.4488
   -0.2072    0.4402   -0.4458
   -0.1849    0.4024   -0.4354
   -0.2200    0.4874   -0.4835
   -0.2083    0.4564   -0.4622
   -0.2032    0.4530   -0.4768
   -0.2027    0.4441   -0.4309
   -0.1914    0.4199   -0.3978
   -0.2098    0.4618   -0.4539
   -0.1895    0.4634   -0.5352
   -0.1885    0.4595   -0.5135
   -0.1879    0.4176   -0.4421
   -0.2010    0.4373   -0.4379
   -0.1944    0.4524   -0.4688
   -0.2005    0.4692   -0.5359
   -0.1974    0.4356   -0.4165
   -0.1934    0.4271   -0.4148
   -0.2071    0.4381   -0.4453
   -0.1915    0.4468   -0.4593
   -0.1966    0.4385   -0.4365
   -0.1914    0.4655   -0.5000
   -0.2006    0.4734   -0.5065
   -0.1960    0.4659   -0.5041
   -0.2098    0.4689   -0.4752
     1     1     1
   -0.1871    0.4451   -0.4832
   -0.2035    0.4459   -0.4649
   -0.1972    0.4112   -0.4130
   -0.1949    0.4491   -0.4600
   -0.1830    0.3856   -0.3699
   -0.1905    0.4472   -0.4902
   -0.2077    0.4228   -0.4047
   -0.1922    0.4344   -0.4611
   -0.1961    0.4333   -0.4090
   -0.1922    0.4416   -0.4470
   -0.1982    0.4294   -0.4105
   -0.2111    0.4655   -0.4633
   -0.1908    0.4527   -0.4843
   -0.1928    0.4589   -0.5084
   -0.1915    0.4420   -0.4574
   -0.1918    0.4360   -0.4522
   -0.1733    0.3681   -0.3630
   -0.1901    0.4536   -0.4939
   -0.1827    0.4300   -0.4471
   -0.2016    0.4315   -0.4438
   -0.1926    0.4421   -0.4794
     1     1     1
   -0.1928    0.4408   -0.4684
   -0.1984    0.4380   -0.4391
   -0.1971    0.4728   -0.5480
   -0.2047    0.4625   -0.4603
   -0.1936    0.4295   -0.4072
   -0.1909    0.4307   -0.4599
   -0.1980    0.4069   -0.4154
   -0.1945    0.4678   -0.5196
   -0.1947    0.4583   -0.4917
   -0.1923    0.4356   -0.4531
   -0.1887    0.4161   -0.4147
   -0.2059    0.4537   -0.4298
   -0.1972    0.4361   -0.4038
   -0.2037    0.4576   -0.4791
   -0.1961    0.4258   -0.4559
   -0.1931    0.4272   -0.4174
   -0.1945    0.4348   -0.4245
   -0.1882    0.4347   -0.4323
   -0.1959    0.4773   -0.5294
   -0.1915    0.4496   -0.4695
   -0.1926    0.3866   -0.3828
   -0.2012    0.4535   -0.4449
   -0.1854    0.4303   -0.4668
   -0.1846    0.4506   -0.5117
   -0.2150    0.4838   -0.5059
   -0.1843    0.4472   -0.4999
   -0.1868    0.4514   -0.5056
   -0.1973    0.4644   -0.5175
     1     1     1
   -0.2093    0.4468   -0.4303
   -0.1865    0.4394   -0.4757
   -0.2012    0.4371   -0.4173
   -0.2136    0.4673   -0.4597
   -0.1929    0.4641   -0.5149
   -0.1923    0.4277   -0.4239
   -0.1880    0.4452   -0.4847
   -0.1994    0.4835   -0.5505
   -0.1992    0.4565   -0.5068
   -0.1913    0.4542   -0.4925
   -0.1916    0.4499   -0.4457
   -0.1907    0.4469   -0.4822
   -0.1867    0.4520   -0.4938
     1     1     1
     1     1     1
   -0.1889    0.4395   -0.4786
   -0.1952    0.4722   -0.5345
   -0.1918    0.4310   -0.4170
   -0.2071    0.4609   -0.4749
   -0.1857    0.4253   -0.4426
   -0.1982    0.4698   -0.5337
   -0.1829    0.4282   -0.4451
   -0.2032    0.4819   -0.5330
   -0.1836    0.3932   -0.3965
   -0.1969    0.4191   -0.4343
   -0.1875    0.4612   -0.5194
   -0.2175    0.4784   -0.4876
   -0.1894    0.4332   -0.4791
   -0.2037    0.4359   -0.4410
   -0.1896    0.4300   -0.4497
   -0.1920    0.4426   -0.4843
   -0.1945    0.4495   -0.4714
   -0.2051    0.4671   -0.4893
   -0.1839    0.4082   -0.4218
   -0.1900    0.4547   -0.4855
   -0.1956    0.4532   -0.4633
   -0.1993    0.4401   -0.4670
   -0.2044    0.4687   -0.4937
   -0.1954    0.4476   -0.4709
   -0.2025    0.4644   -0.4668
   -0.2085    0.4656   -0.4605
   -0.1928    0.4689   -0.5101
   -0.1919    0.4217   -0.4146
   -0.1945    0.4181   -0.3945
   -0.1981    0.4152   -0.4340
   -0.1897    0.4301   -0.4392
   -0.1898    0.4048   -0.4248
   -0.2051    0.4500   -0.4629
   -0.1937    0.4462   -0.4516
   -0.1921    0.4366   -0.4615
   -0.2002    0.4601   -0.4975
   -0.1880    0.4581   -0.5159
   -0.2001    0.4634   -0.4876
   -0.1955    0.4439   -0.4624
   -0.1909    0.4561   -0.5101
   -0.2037    0.4575   -0.4455
   -0.1841    0.3903   -0.3981
   -0.1922    0.4348   -0.4520
   -0.2019    0.4635   -0.4577
   -0.1894    0.4589   -0.5231
   -0.1986    0.4524   -0.4829
   -0.1927    0.4539   -0.4942
   -0.1911    0.4320   -0.4361
   -0.1855    0.4527   -0.5165
   -0.2030    0.4631   -0.4723
   -0.2127    0.4673   -0.4728
   -0.1848    0.3882   -0.3961
   -0.2038    0.4550   -0.4661
   -0.1930    0.4504   -0.4799
   -0.2058    0.4540   -0.4771
   -0.2123    0.4528   -0.4873
   -0.1995    0.4227   -0.4090
   -0.1929    0.4604   -0.4965
   -0.1965    0.4529   -0.4843
   -0.2034    0.4600   -0.4382
   -0.1835    0.4184   -0.4090
   -0.1967    0.4413   -0.4323
   -0.1873    0.3768   -0.3676
   -0.2065    0.4644   -0.5046
   -0.1886    0.3968   -0.4164
   -0.1893    0.4561   -0.5099
   -0.1915    0.4700   -0.5219
   -0.1797    0.4044   -0.4107
   -0.1913    0.4202   -0.3944
   -0.1839    0.3924   -0.4198
   -0.2001    0.4718   -0.5083
   -0.1945    0.4610   -0.5117
   -0.1961    0.4415   -0.4519
   -0.1884    0.4122   -0.4318
   -0.2134    0.4682   -0.4753
   -0.1878    0.4438   -0.4759
   -0.1995    0.4412   -0.4228
   -0.1904    0.4589   -0.5137
   -0.1961    0.4577   -0.4895
   -0.1985    0.4618   -0.5040
   -0.1803    0.4088   -0.4171
   -0.1871    0.4563   -0.5149
   -0.1936    0.4487   -0.4618
   -0.1920    0.4654   -0.5304
   -0.1904    0.4589   -0.5248
   -0.1967    0.4556   -0.5040
   -0.1881    0.4499   -0.5083
   -0.2072    0.4573   -0.4588
   -0.2021    0.4794   -0.5180
   -0.2022    0.4434   -0.4667
   -0.1866    0.4174   -0.4130
   -0.1908    0.4395   -0.4280
   -0.1966    0.4451   -0.4475
   -0.1908    0.4377   -0.4296
   -0.1873    0.4164   -0.4393
   -0.1951    0.4043   -0.3953
   -0.1976    0.4766   -0.5447
   -0.1888    0.4441   -0.4755
   -0.1964    0.4629   -0.4535
   -0.2121    0.4478   -0.4289
   -0.1975    0.4593   -0.4869
   -0.1917    0.4435   -0.4532
   -0.1858    0.4076   -0.3892
   -0.1840    0.3855   -0.3710
   -0.2166    0.4682   -0.4549
   -0.2044    0.4428   -0.4474
   -0.1924    0.4520   -0.4986
   -0.1926    0.4617   -0.5130
   -0.2020    0.4410   -0.4622
   -0.1873    0.4323   -0.4211
   -0.2166    0.4673   -0.4560
   -0.1992    0.4753   -0.5137
   -0.1942    0.4419   -0.4519
   -0.1873    0.4399   -0.4612
   -0.1848    0.4221   -0.4289
   -0.2109    0.4727   -0.4932
   -0.2020    0.4586   -0.4888
   -0.1937    0.4509   -0.4760
   -0.1997    0.4803   -0.5307
   -0.1987    0.4307   -0.4430
   -0.1921    0.4324   -0.4362
   -0.1902    0.4529   -0.4915
   -0.1933    0.4517   -0.4532
   -0.1868    0.3821   -0.3528
   -0.1912    0.4528   -0.4813
   -0.1945    0.4230   -0.4340
   -0.1873    0.4356   -0.4360
   -0.1861    0.4398   -0.4906
     1     1     1
   -0.1999    0.4553   -0.4536
   -0.1961    0.4221   -0.4326
   -0.1924    0.4482   -0.4513
   -0.1935    0.4163   -0.4069
   -0.1972    0.4547   -0.4812
   -0.2036    0.4623   -0.4553
   -0.1939    0.4325   -0.4284
   -0.1934    0.4656   -0.5240
   -0.1863    0.4452   -0.4834
   -0.1833    0.4170   -0.4346
   -0.1920    0.4428   -0.4579
   -0.1968    0.4330   -0.4360
   -0.1990    0.4692   -0.4978
   -0.1846    0.4360   -0.4655
   -0.1886    0.4221   -0.4029
   -0.1946    0.4643   -0.4997
   -0.1878    0.4419   -0.4604
   -0.1863    0.4422   -0.4988
   -0.2071    0.4520   -0.4656
   -0.1948    0.4296   -0.4519
   -0.1878    0.4041   -0.3774
   -0.1920    0.4625   -0.5260
   -0.1924    0.3918   -0.3887
   -0.1858    0.4114   -0.3971
   -0.2031    0.4547   -0.4905
   -0.2000    0.4355   -0.4533
   -0.1920    0.4218   -0.4218
   -0.1837    0.4474   -0.5065
   -0.2095    0.4481   -0.4221
   -0.2032    0.4570   -0.4939
   -0.1879    0.4366   -0.4602
   -0.1975    0.4308   -0.4279
   -0.1857    0.4121   -0.3889
   -0.1830    0.4000   -0.3906
   -0.1891    0.4485   -0.4850
   -0.2068    0.4576   -0.4782
   -0.2043    0.4697   -0.5078
   -0.1906    0.4009   -0.4059
   -0.1946    0.4473   -0.5111
   -0.1826    0.3636   -0.3553
   -0.1927    0.4286   -0.4709
   -0.1834    0.4098   -0.4290
   -0.1908    0.4737   -0.5514
   -0.1961    0.4624   -0.5171
   -0.1932    0.4542   -0.4839
   -0.2013    0.4240   -0.4069
   -0.1979    0.4796   -0.5347
     1     1     1
   -0.1903    0.4360   -0.4721
   -0.1925    0.4297   -0.4076
   -0.1964    0.4438   -0.4262
   -0.2004    0.4250   -0.4127
   -0.2126    0.4781   -0.4482
   -0.1981    0.4295   -0.4438
   -0.1804    0.4126   -0.4464
   -0.2239    0.4890   -0.4643
   -0.1833    0.4144   -0.4146
   -0.1897    0.4347   -0.4784
   -0.2054    0.4477   -0.4396
   -0.1858    0.4540   -0.5119
   -0.1988    0.4580   -0.4833
   -0.2123    0.4548   -0.4381
   -0.1836    0.3935   -0.3927
   -0.2045    0.4567   -0.4710
   -0.1934    0.3768   -0.3693
   -0.1905    0.4271   -0.4276
   -0.2012    0.4435   -0.4108
   -0.1995    0.4593   -0.4697
   -0.2111    0.4723   -0.4851
   -0.1962    0.4626   -0.4945
   -0.1978    0.4448   -0.4650
   -0.1899    0.4103   -0.3919
   -0.1906    0.4480   -0.4772
   -0.1966    0.4317   -0.4312
   -0.2089    0.4546   -0.4809
   -0.1719    0.3552   -0.3538
   -0.1933    0.4555   -0.4906
   -0.1933    0.4619   -0.5188
   -0.2042    0.4678   -0.4609
   -0.1936    0.4536   -0.4593
   -0.2065    0.4692   -0.4730
   -0.1873    0.4485   -0.5004
   -0.1944    0.4661   -0.5361
   -0.1889    0.4551   -0.4903
   -0.1972    0.4269   -0.3972
   -0.1941    0.4645   -0.4935
   -0.2092    0.4729   -0.4756
   -0.1959    0.4608   -0.4950
   -0.1961    0.4371   -0.4589
   -0.1821    0.4454   -0.5023
   -0.2055    0.4715   -0.5076
   -0.1948    0.4264   -0.3976
   -0.2011    0.4710   -0.5073
   -0.1903    0.3842   -0.3880
   -0.1858    0.4178   -0.4364
   -0.1962    0.4431   -0.4667
   -0.1909    0.4559   -0.4951
   -0.1913    0.4695   -0.5345
   -0.1934    0.4335   -0.4184
   -0.2019    0.4383   -0.4541
   -0.1784    0.3935   -0.3844
   -0.1906    0.4312   -0.4494
   -0.1894    0.4451   -0.4614
   -0.1852    0.3987   -0.4051
   -0.1984    0.4530   -0.4508
   -0.2026    0.4446   -0.4189
     1     1     1
   -0.1894    0.4548   -0.4987
   -0.1953    0.4257   -0.4277
   -0.1871    0.4394   -0.4751
   -0.1872    0.4157   -0.3904
   -0.1920    0.4023   -0.4052
   -0.2071    0.4435   -0.4488
   -0.1896    0.4373   -0.4637
   -0.1927    0.4575   -0.5084
   -0.1929    0.4249   -0.4035
   -0.1907    0.3909   -0.3851
   -0.2043    0.4516   -0.4603
   -0.1858    0.4229   -0.4774
   -0.2112    0.4684   -0.4797
   -0.2055    0.4252   -0.4234
   -0.1894    0.4566   -0.5097
   -0.2270    0.4924   -0.4755
   -0.2078    0.4722   -0.4432
   -0.2020    0.4362   -0.4758
   -0.1779    0.4224   -0.4489
   -0.1930    0.4530   -0.4755
   -0.1929    0.4665   -0.5352
   -0.1977    0.4487   -0.4631
   -0.1950    0.4446   -0.4294
   -0.1943    0.4287   -0.4396
   -0.1897    0.4630   -0.5233
   -0.1878    0.4146   -0.4146
   -0.1922    0.4647   -0.5310
   -0.1909    0.4647   -0.5185
   -0.1854    0.4539   -0.5307
   -0.1848    0.4019   -0.4123
   -0.1931    0.4275   -0.4300
   -0.2102    0.4564   -0.4752
   -0.1968    0.4375   -0.4251
   -0.1892    0.4438   -0.4993
   -0.1922    0.4508   -0.4945
   -0.1729    0.3796   -0.3560
   -0.2026    0.4647   -0.4684
   -0.1894    0.4172   -0.4425
   -0.1882    0.4577   -0.4931
   -0.1924    0.4505   -0.4561
   -0.2028    0.4530   -0.4389
   -0.1944    0.4655   -0.5060
   -0.2022    0.4486   -0.4459
   -0.1960    0.4561   -0.4845
   -0.2090    0.4700   -0.4724
   -0.1891    0.4351   -0.4588
   -0.1939    0.4541   -0.4910
   -0.1937    0.4338   -0.4255
   -0.1865    0.4523   -0.4952
   -0.1971    0.4479   -0.4414
   -0.1943    0.4445   -0.4692
   -0.1870    0.4420   -0.4389
   -0.1850    0.4181   -0.4662
   -0.1848    0.4192   -0.4598
   -0.1889    0.3900   -0.3882
   -0.1917    0.4655   -0.5369
   -0.2025    0.4448   -0.4404
   -0.1944    0.4114   -0.4166
   -0.2066    0.4528   -0.4541
   -0.1936    0.4284   -0.4262
   -0.1990    0.4540   -0.4568
   -0.1961    0.3706   -0.3563
   -0.1911    0.4095   -0.3813
   -0.1904    0.4445   -0.4758
   -0.1880    0.4493   -0.4884
   -0.1975    0.4393   -0.4579
   -0.1967    0.4362   -0.4310
   -0.2042    0.4611   -0.4875
   -0.1885    0.4428   -0.4864
